<?xml version="1.0" encoding="UTF-8"?>
<!-- Generated by org.testng.reporters.JUnitReportReporter -->
<testsuite hostname="inlen8520069246" failures="0" tests="1" name="automationlearning.testcomponents.LoginErrorValidation" time="24.642" errors="0" timestamp="2023-04-16T21:40:31 IST" skipped="0">
  <testcase classname="automationlearning.testcomponents.LoginErrorValidation" name="errorValidation" time="24.642"/>
  <system-out/>
</testsuite> <!-- automationlearning.testcomponents.LoginErrorValidation -->
