<?xml version="1.0" encoding="UTF-8"?>
<!-- Generated by org.testng.reporters.JUnitReportReporter -->
<testsuite hostname="inlen8520069246" failures="0" tests="3" name="automationlearning.testcomponents.SubmitOrderTest" time="94.944" errors="0" timestamp="2023-04-18T07:49:58 IST" skipped="0">
  <testcase classname="automationlearning.testcomponents.SubmitOrderTest" name="submitOrder" time="34.192"/>
  <system-out/>
  <testcase classname="automationlearning.testcomponents.SubmitOrderTest" name="submitOrder" time="34.710"/>
  <system-out/>
  <testcase classname="automationlearning.testcomponents.SubmitOrderTest" name="validateOrderTest" time="26.042"/>
  <system-out/>
</testsuite> <!-- automationlearning.testcomponents.SubmitOrderTest -->
