<?xml version="1.0" encoding="UTF-8"?>
<!-- Generated by org.testng.reporters.JUnitReportReporter -->
<testsuite hostname="inlen8520069246" failures="0" tests="1" name="automationlearning.testcomponents.StandAloneCopy" time="34.706" errors="0" timestamp="2023-04-16T11:05:26 IST" skipped="0">
  <testcase classname="automationlearning.testcomponents.StandAloneCopy" name="submitOrder" time="34.706"/>
  <system-out/>
</testsuite> <!-- automationlearning.testcomponents.StandAloneCopy -->
